0 info it worked if it ends with ok
1 verbose cli [ 'C:\\Program Files\\nodejs\\node.exe',
1 verbose cli   'C:\\Program Files\\nodejs\\node_modules\\npm\\bin\\npm-cli.js',
1 verbose cli   'run',
1 verbose cli   'lite' ]
2 info using npm@3.3.6
3 info using node@v5.0.0
4 verbose run-script [ 'prelite', 'lite', 'postlite' ]
5 info lifecycle angular2-quickstart@1.0.0~prelite: angular2-quickstart@1.0.0
6 silly lifecycle angular2-quickstart@1.0.0~prelite: no script for prelite, continuing
7 info lifecycle angular2-quickstart@1.0.0~lite: angular2-quickstart@1.0.0
8 verbose lifecycle angular2-quickstart@1.0.0~lite: unsafe-perm in lifecycle true
9 verbose lifecycle angular2-quickstart@1.0.0~lite: PATH: C:\Program Files\nodejs\node_modules\npm\bin\node-gyp-bin;E:\angular2\node_modules\.bin;C:\Program Files\nodejs\node_modules\npm\bin\node-gyp-bin;E:\angular2\node_modules\.bin;C:\Users\gg-05\bin;C:\Users\gg-05\AppData\Local\Programs\Git\mingw64\bin;C:\Users\gg-05\AppData\Local\Programs\Git\usr\local\bin;C:\Users\gg-05\AppData\Local\Programs\Git\usr\bin;C:\Users\gg-05\AppData\Local\Programs\Git\usr\bin;C:\Users\gg-05\AppData\Local\Programs\Git\mingw64\bin;C:\Users\gg-05\AppData\Local\Programs\Git\usr\bin;C:\Users\gg-05\bin;C:\WINDOWS\system32;C:\WINDOWS;C:\WINDOWS\System32\Wbem;C:\WINDOWS\System32\WindowsPowerShell\v1.0;C:\HashiCorp\Vagrant\bin;C:\Program Files\nodejs;C:\Program Files\TortoiseGit\bin;C:\Program Files (x86)\Skype\Phone;C:\WINDOWS\system32\config\systemprofile\.dnx\bin;C:\Program Files\Microsoft DNX\Dnvm;C:\Program Files (x86)\Windows Kits\10\Windows Performance Toolkit;C:\Windows\system32;C:\Windows;C:\Windows\System32\Wbem;C:\Windows\System32\WindowsPowerShell\v1.0;C:\HashiCorp\Vagrant\bin;C:\Users\gg-05\AppData\Roaming\npm;C:\Users\gg-05\AppData\Local\atom\bin;C:\Users\gg-05\AppData\Local\Programs\Git\usr\bin\vendor_perl;C:\Users\gg-05\AppData\Local\Programs\Git\usr\bin\core_perl
10 verbose lifecycle angular2-quickstart@1.0.0~lite: CWD: E:\angular2
11 silly lifecycle angular2-quickstart@1.0.0~lite: Args: [ '/d /s /c', 'lite-server' ]
12 silly lifecycle angular2-quickstart@1.0.0~lite: Returned: code: 1  signal: null
13 info lifecycle angular2-quickstart@1.0.0~lite: Failed to exec lite script
14 verbose stack Error: angular2-quickstart@1.0.0 lite: `lite-server`
14 verbose stack Exit status 1
14 verbose stack     at EventEmitter.<anonymous> (C:\Program Files\nodejs\node_modules\npm\lib\utils\lifecycle.js:233:16)
14 verbose stack     at emitTwo (events.js:87:13)
14 verbose stack     at EventEmitter.emit (events.js:172:7)
14 verbose stack     at ChildProcess.<anonymous> (C:\Program Files\nodejs\node_modules\npm\lib\utils\spawn.js:24:14)
14 verbose stack     at emitTwo (events.js:87:13)
14 verbose stack     at ChildProcess.emit (events.js:172:7)
14 verbose stack     at maybeClose (internal/child_process.js:818:16)
14 verbose stack     at Process.ChildProcess._handle.onexit (internal/child_process.js:211:5)
15 verbose pkgid angular2-quickstart@1.0.0
16 verbose cwd E:\angular2
17 error Windows_NT 10.0.10586
18 error argv "C:\\Program Files\\nodejs\\node.exe" "C:\\Program Files\\nodejs\\node_modules\\npm\\bin\\npm-cli.js" "run" "lite"
19 error node v5.0.0
20 error npm  v3.3.6
21 error code ELIFECYCLE
22 error angular2-quickstart@1.0.0 lite: `lite-server`
22 error Exit status 1
23 error Failed at the angular2-quickstart@1.0.0 lite script 'lite-server'.
23 error This is most likely a problem with the angular2-quickstart package,
23 error not with npm itself.
23 error Tell the author that this fails on your system:
23 error     lite-server
23 error You can get their info via:
23 error     npm owner ls angular2-quickstart
23 error There is likely additional logging output above.
24 verbose exit [ 1, true ]
